<?xml version="1.0" encoding="UTF-8"?>
<testsuite xmlns:xsi="http://www.w3.org/2001/XMLSchema-instance" xsi:noNamespaceSchemaLocation="https://maven.apache.org/surefire/maven-surefire-plugin/xsd/surefire-test-report-3.0.xsd" version="3.0" name="TestSuite" time="20.871" tests="3" errors="0" skipped="0" failures="0">
  <properties>
[...]
</properties>
  <testcase name="runScenario[&quot;Check login is successfull with valid credentials&quot;, &quot;feature to check login functionality&quot;](1)" classname="Runner.testRunner" time="10.01">
    <system-out><![CDATA[
@Smoke
Scenario: Check login is successfull with valid credentials # src/test/resources/Feature/login.feature:26
User in the login page
  Given user in the login page                              # stepDefinition.login.user_in_the_login_page()
  Given user is on login page                               # stepDefinition.firstTest.user_is_on_login_page()
  When user enters credentials                              # stepDefinition.firstTest.user_enters_credentials()
  And click on login button                                 # stepDefinition.firstTest.click_on_login_button()
OrangeHRM
  Then user is navigated to homepage                        # stepDefinition.firstTest.user_is_navigated_to_homepage()
System Users
  Then user clicks on admin button                          # stepDefinition.firstTest.user_clicks_on_admin_button()
]]></system-out>
    <system-err><![CDATA[SLF4J: Failed to load class "org.slf4j.impl.StaticLoggerBinder".
SLF4J: Defaulting to no-operation (NOP) logger implementation
SLF4J: See http://www.slf4j.org/codes.html#StaticLoggerBinder for further details.
Starting Microsoft Edge WebDriver 131.0.2903.51 (e8c8535333b97b127d6cdd9f545fb1f764f74d95) on port 37967
To submit feedback, report a bug, or suggest new features, please visit https://github.com/MicrosoftEdge/EdgeWebDriver

Only local connections are allowed.
Please see https://aka.ms/WebDriverSecurity for suggestions on keeping Microsoft Edge WebDriver safe.

Microsoft Edge WebDriver was started successfully.
msedgedriver was started successfully on port 37967.
Nov 17, 2024 9:31:55 PM org.openqa.selenium.remote.ProtocolHandshake createSession
INFO: Detected dialect: W3C
]]></system-err>
  </testcase>
  <testcase name="runScenario[&quot;Check login is successful with valid username and password&quot;, &quot;feature to check login functionality&quot;](2)" classname="Runner.testRunner" time="9.437">
    <system-out><![CDATA[
@Smoke
Scenario Outline: Check login is successful with valid username and password # src/test/resources/Feature/login.feature:44
User in the login page
  Given user in the login page                                               # stepDefinition.login.user_in_the_login_page()
  Given user on login page                                                   # stepDefinition.secondTest.user_on_login_page()
  When user enter "Admin" and "admin123"                                     # stepDefinition.secondTest.user_enter_and(java.lang.String,java.lang.String)
  And click login button                                                     # stepDefinition.secondTest.click_login_button()
OrangeHRM
  Then user navigated to homepage                                            # stepDefinition.secondTest.user_navigated_to_homepage()
System Users
  Then user clicks on admin page                                             # stepDefinition.secondTest.user_clicks_on_admin_page()
]]></system-out>
    <system-err><![CDATA[Starting Microsoft Edge WebDriver 131.0.2903.51 (e8c8535333b97b127d6cdd9f545fb1f764f74d95) on port 11589
To submit feedback, report a bug, or suggest new features, please visit https://github.com/MicrosoftEdge/EdgeWebDriver

Only local connections are allowed.
Please see https://aka.ms/WebDriverSecurity for suggestions on keeping Microsoft Edge WebDriver safe.

Microsoft Edge WebDriver was started successfully.
msedgedriver was started successfully on port 11589.
Nov 17, 2024 9:32:04 PM org.openqa.selenium.remote.ProtocolHandshake createSession
INFO: Detected dialect: W3C
]]></system-err>
  </testcase>
  <testcase name="testCopyFilesToNewFolder" classname="Runner.createReport" time="0.078">
    <system-out><![CDATA[Files copied successfully to: reports\cucumberReports_2024-11-17_21-32-12
]]></system-out>
  </testcase>
</testsuite>