<?xml version="1.0" encoding="UTF-8"?>
<testng-results ignored="0" total="1" passed="1" failed="0" skipped="0">
  <reporter-output>
  </reporter-output>
  <suite started-at="2024-11-17T21:56:29 IST" name="Default suite" finished-at="2024-11-17T21:56:29 IST" duration-ms="253">
    <groups>
    </groups>
    <test started-at="2024-11-17T21:56:29 IST" name="Default test" finished-at="2024-11-17T21:56:29 IST" duration-ms="253">
      <class name="Runner.createReport">
        <test-method signature="testCopyFilesToNewFolder()[pri:0, instance:Runner.createReport@342c38f8]" started-at="2024-11-17T21:56:29 IST" name="testCopyFilesToNewFolder" finished-at="2024-11-17T21:56:29 IST" duration-ms="197" status="PASS">
          <reporter-output>
          </reporter-output>
        </test-method> <!-- testCopyFilesToNewFolder -->
      </class> <!-- Runner.createReport -->
    </test> <!-- Default test -->
  </suite> <!-- Default suite -->
</testng-results>
