<?xml version="1.0" encoding="UTF-8"?>
<!-- Generated by org.testng.reporters.JUnitXMLReporter -->
<testsuite ignored="0" hostname="DESKTOP-9DC45GS" failures="0" tests="3" name="TestRunnerTest" time="20.315" errors="0" timestamp="2024-11-17T21:32:12 IST">
  <testcase classname="io.cucumber.testng.AbstractTestNGCucumberTests" name="runScenario" time="9.966"/>
  <testcase classname="io.cucumber.testng.AbstractTestNGCucumberTests" name="runScenario" time="9.421"/>
  <testcase classname="Runner.createReport" name="testCopyFilesToNewFolder" time="0.078"/>
</testsuite> <!-- TestRunnerTest -->
